<?xml version="1.0" encoding="UTF-8"?>
<!-- Generated by org.testng.reporters.JUnitReportReporter -->
<testsuite name="com.stta.SuiteTwo.SuiteTwoCaseTwo" tests="2" time="0.008" ignored="0" failures="0" timestamp="02 Jan 2017 20:59:03 GMT" skipped="0" hostname="Phans-MacBook-Pro.local" errors="0">
  <testcase name="SuiteOneCaseOneTest" time="0.003" classname="com.stta.SuiteTwo.SuiteTwoCaseTwo"/>
  <testcase name="SuiteOneCaseOneTest" time="0.005" classname="com.stta.SuiteTwo.SuiteTwoCaseTwo"/>
</testsuite> <!-- com.stta.SuiteTwo.SuiteTwoCaseTwo -->
