<?xml version="1.0" encoding="UTF-8"?>
<!-- Generated by org.testng.reporters.JUnitReportReporter -->
<testsuite name="com.stta.SuiteOne.SuiteOneCaseOne" tests="2" time="114.774" ignored="0" failures="0" timestamp="05 Jan 2017 23:28:45 GMT" skipped="0" hostname="Phans-MacBook-Pro.local" errors="0">
  <testcase name="SuiteOneCaseOneTest" time="12.437" classname="com.stta.SuiteOne.SuiteOneCaseOne"/>
  <testcase name="SuiteOneCaseOneTest" time="102.337" classname="com.stta.SuiteOne.SuiteOneCaseOne"/>
</testsuite> <!-- com.stta.SuiteOne.SuiteOneCaseOne -->
