<?xml version="1.0" encoding="UTF-8"?>
<!-- Generated by org.testng.reporters.JUnitReportReporter -->
<testsuite name="com.stta.SuiteTwo.SuiteTwoCaseOne" tests="2" time="0.003" ignored="0" failures="0" timestamp="02 Jan 2017 20:59:03 GMT" skipped="0" hostname="Phans-MacBook-Pro.local" errors="0">
  <testcase name="SuiteOneCaseOneTest" time="0.001" classname="com.stta.SuiteTwo.SuiteTwoCaseOne"/>
  <testcase name="SuiteOneCaseOneTest" time="0.002" classname="com.stta.SuiteTwo.SuiteTwoCaseOne"/>
</testsuite> <!-- com.stta.SuiteTwo.SuiteTwoCaseOne -->
